2026-03-28 14:46:50,172 [INFO] Starting 1-Day Incremental Sync...
2026-03-28 14:46:50,963 [WARNING] ^GSPC: Not enough local history for MA200.
2026-03-28 14:46:51,104 [WARNING] A: Not enough local history for MA200.
2026-03-28 14:46:51,104 [INFO] [1/503] A: Updated.
2026-03-28 14:46:51,775 [WARNING] AAPL: Not enough local history for MA200.
2026-03-28 14:46:51,776 [INFO] [2/503] AAPL: Updated.
2026-03-28 14:46:52,422 [WARNING] ABBV: Not enough local history for MA200.
2026-03-28 14:46:52,422 [INFO] [3/503] ABBV: Updated.
2026-03-28 14:46:53,046 [WARNING] ABNB: Not enough local history for MA200.
2026-03-28 14:46:53,047 [INFO] [4/503] ABNB: Updated.
2026-03-28 14:46:53,735 [WARNING] ABT: Not enough local history for MA200.
2026-03-28 14:46:53,735 [INFO] [5/503] ABT: Updated.
2026-03-28 14:46:54,364 [WARNING] ACGL: Not enough local history for MA200.
2026-03-28 14:46:54,364 [INFO] [6/503] ACGL: Updated.
2026-03-28 14:46:55,002 [WARNING] ACN: Not enough local history for MA200.
2026-03-28 14:46:55,002 [INFO] [7/503] ACN: Updated.
2026-03-28 14:46:55,653 [WARNING] ADBE: Not enough local history for MA200.
2026-03-28 14:46:55,654 [INFO] [8/503] ADBE: Updated.
2026-03-28 14:46:56,311 [WARNING] ADI: Not enough local history for MA200.
2026-03-28 14:46:56,311 [INFO] [9/503] ADI: Updated.
2026-03-28 14:46:57,000 [WARNING] ADM: Not enough local history for MA200.
2026-03-28 14:46:57,000 [INFO] [10/503] ADM: Updated.
2026-03-28 14:46:57,685 [WARNING] ADP: Not enough local history for MA200.
2026-03-28 14:46:57,687 [INFO] [11/503] ADP: Updated.
2026-03-28 14:46:58,336 [WARNING] ADSK: Not enough local history for MA200.
2026-03-28 14:46:58,337 [INFO] [12/503] ADSK: Updated.
2026-03-28 14:46:58,984 [WARNING] AEE: Not enough local history for MA200.
2026-03-28 14:46:58,984 [INFO] [13/503] AEE: Updated.
2026-03-28 14:46:59,687 [WARNING] AEP: Not enough local history for MA200.
2026-03-28 14:46:59,688 [INFO] [14/503] AEP: Updated.
2026-03-28 14:47:00,353 [WARNING] AES: Not enough local history for MA200.
2026-03-28 14:47:00,354 [INFO] [15/503] AES: Updated.
2026-03-28 15:19:49,110 [INFO] Starting 1-Day Incremental Sync...
2026-03-28 15:19:50,056 [INFO] [1/503] A: Updated.
2026-03-28 15:19:50,730 [INFO] [2/503] AAPL: Updated.
2026-03-28 15:19:51,370 [INFO] [3/503] ABBV: Updated.
2026-03-28 15:19:51,999 [INFO] [4/503] ABNB: Updated.
2026-03-28 15:19:52,695 [INFO] [5/503] ABT: Updated.
2026-03-28 15:19:53,314 [INFO] [6/503] ACGL: Updated.
2026-03-28 15:19:53,974 [INFO] [7/503] ACN: Updated.
2026-03-28 15:19:54,627 [INFO] [8/503] ADBE: Updated.
2026-03-28 15:19:55,273 [INFO] [9/503] ADI: Updated.
2026-03-28 15:19:55,946 [INFO] [10/503] ADM: Updated.
2026-03-28 15:19:56,633 [INFO] [11/503] ADP: Updated.
2026-03-28 15:19:57,268 [INFO] [12/503] ADSK: Updated.
2026-03-28 15:19:57,931 [INFO] [13/503] AEE: Updated.
2026-03-28 15:19:58,642 [INFO] [14/503] AEP: Updated.
2026-03-28 15:19:59,310 [INFO] [15/503] AES: Updated.
2026-03-28 15:19:59,982 [INFO] [16/503] AFL: Updated.
2026-03-28 15:20:00,648 [INFO] [17/503] AIG: Updated.
2026-03-28 15:20:01,311 [INFO] [18/503] AIZ: Updated.
2026-03-28 15:20:01,965 [INFO] [19/503] AJG: Updated.
2026-03-28 15:20:02,596 [INFO] [20/503] AKAM: Updated.
2026-03-28 15:20:03,333 [INFO] [21/503] ALB: Updated.
2026-03-28 15:20:03,949 [INFO] [22/503] ALGN: Updated.
2026-03-28 15:20:04,599 [INFO] [23/503] ALL: Updated.
2026-03-28 15:20:05,231 [INFO] [24/503] ALLE: Updated.
2026-03-28 15:20:05,896 [INFO] [25/503] AMAT: Updated.
2026-03-28 15:20:06,534 [INFO] [26/503] AMCR: Updated.
2026-03-28 15:20:07,746 [INFO] [27/503] AMD: Updated.
2026-03-28 15:20:08,421 [INFO] [28/503] AME: Updated.
2026-03-28 15:20:09,052 [INFO] [29/503] AMGN: Updated.
2026-03-28 15:20:09,690 [INFO] [30/503] AMP: Updated.
2026-03-28 15:20:10,329 [INFO] [31/503] AMT: Updated.
2026-03-28 15:20:10,948 [INFO] [32/503] AMZN: Updated.
2026-03-28 15:20:11,563 [INFO] [33/503] ANET: Updated.
2026-03-28 15:20:12,238 [INFO] [34/503] AON: Updated.
2026-03-28 15:20:12,905 [INFO] [35/503] AOS: Updated.
2026-03-28 15:20:13,605 [INFO] [36/503] APA: Updated.
2026-03-28 15:20:14,271 [INFO] [37/503] APD: Updated.
2026-03-28 15:20:14,917 [INFO] [38/503] APH: Updated.
2026-03-28 15:20:15,565 [INFO] [39/503] APO: Updated.
2026-03-28 15:20:16,189 [INFO] [40/503] APP: Updated.
2026-03-28 15:20:16,813 [INFO] [41/503] APTV: Updated.
2026-03-28 15:20:17,476 [INFO] [42/503] ARE: Updated.
2026-03-28 15:20:18,109 [INFO] [43/503] ARES: Updated.
2026-03-28 15:20:18,776 [INFO] [44/503] ATO: Updated.
2026-03-28 15:20:19,421 [INFO] [45/503] AVB: Updated.
2026-03-28 15:20:20,070 [INFO] [46/503] AVGO: Updated.
2026-03-28 15:20:20,762 [INFO] [47/503] AVY: Updated.
2026-03-28 15:20:21,393 [INFO] [48/503] AWK: Updated.
2026-03-28 15:20:22,009 [INFO] [49/503] AXON: Updated.
2026-03-28 15:20:22,675 [INFO] [50/503] AXP: Updated.
2026-03-28 15:20:23,291 [INFO] [51/503] AZO: Updated.
2026-03-28 15:20:23,956 [INFO] [52/503] BA: Updated.
2026-03-28 15:20:24,608 [INFO] [53/503] BAC: Updated.
2026-03-28 15:20:25,286 [INFO] [54/503] BALL: Updated.
2026-03-28 15:20:25,969 [INFO] [55/503] BAX: Updated.
2026-03-28 15:20:26,612 [INFO] [56/503] BBY: Updated.
2026-03-28 15:20:27,286 [INFO] [57/503] BDX: Updated.
2026-03-28 15:20:27,967 [INFO] [58/503] BEN: Updated.
2026-03-28 15:20:28,565 [ERROR] $BF.B: possibly delisted; no price data found  (period=1d)
2026-03-28 15:20:29,236 [INFO] [60/503] BG: Updated.
2026-03-28 15:20:29,876 [INFO] [61/503] BIIB: Updated.
2026-03-28 15:20:30,569 [INFO] [62/503] BK: Updated.
2026-03-28 15:20:31,215 [INFO] [63/503] BKNG: Updated.
2026-03-28 15:20:31,889 [INFO] [64/503] BKR: Updated.
2026-03-28 15:20:32,523 [INFO] [65/503] BLDR: Updated.
2026-03-28 15:20:33,174 [INFO] [66/503] BLK: Updated.
2026-03-28 15:20:33,869 [INFO] [67/503] BMY: Updated.
2026-03-28 15:20:34,533 [INFO] [68/503] BR: Updated.
2026-03-28 15:20:36,286 [ERROR] $BRK.B: possibly delisted; no price data found  (period=1d) (Yahoo error = "No data found, symbol may be delisted")
2026-03-28 15:20:36,946 [INFO] [70/503] BRO: Updated.
2026-03-28 15:20:37,586 [INFO] [71/503] BSX: Updated.
2026-03-28 15:20:38,246 [INFO] [72/503] BX: Updated.
2026-03-28 15:20:38,917 [INFO] [73/503] BXP: Updated.
2026-03-28 15:20:39,603 [INFO] [74/503] C: Updated.
2026-03-28 15:20:40,285 [INFO] [75/503] CAG: Updated.
2026-03-28 15:20:40,988 [INFO] [76/503] CAH: Updated.
2026-03-28 15:20:41,639 [INFO] [77/503] CARR: Updated.
2026-03-28 15:20:42,370 [INFO] [78/503] CAT: Updated.
2026-03-28 15:20:43,043 [INFO] [79/503] CB: Updated.
2026-03-28 15:20:43,702 [INFO] [80/503] CBOE: Updated.
2026-03-28 15:20:44,355 [INFO] [81/503] CBRE: Updated.
2026-03-28 15:20:45,013 [INFO] [82/503] CCI: Updated.
2026-03-28 15:20:45,708 [INFO] [83/503] CCL: Updated.
2026-03-28 15:20:46,353 [INFO] [84/503] CDNS: Updated.
2026-03-28 15:20:47,083 [INFO] [85/503] CDW: Updated.
2026-03-28 15:20:47,727 [INFO] [86/503] CEG: Updated.
2026-03-28 15:20:48,395 [INFO] [87/503] CF: Updated.
2026-03-28 15:20:49,047 [INFO] [88/503] CFG: Updated.
2026-03-28 15:20:49,817 [INFO] [89/503] CHD: Updated.
2026-03-28 15:20:50,569 [INFO] [90/503] CHRW: Updated.
2026-03-28 15:20:51,265 [INFO] [91/503] CHTR: Updated.
2026-03-28 15:20:52,027 [INFO] [92/503] CI: Updated.
2026-03-28 15:20:52,717 [INFO] [93/503] CIEN: Updated.
2026-03-28 15:20:53,444 [INFO] [94/503] CINF: Updated.
2026-03-28 15:20:54,229 [INFO] [95/503] CL: Updated.
2026-03-28 15:20:54,991 [INFO] [96/503] CLX: Updated.
2026-03-28 15:20:55,707 [INFO] [97/503] CMCSA: Updated.
2026-03-28 15:20:56,405 [INFO] [98/503] CME: Updated.
2026-03-28 15:20:57,104 [INFO] [99/503] CMG: Updated.
2026-03-28 15:20:57,902 [INFO] [100/503] CMI: Updated.
2026-03-28 15:20:58,702 [INFO] [101/503] CMS: Updated.
2026-03-28 15:20:59,388 [INFO] [102/503] CNC: Updated.
2026-03-28 15:21:00,379 [INFO] [103/503] CNP: Updated.
2026-03-28 15:21:01,119 [INFO] [104/503] COF: Updated.
2026-03-28 15:21:01,813 [INFO] [105/503] COHR: Updated.
2026-03-28 15:21:02,478 [WARNING] COIN: Not enough local history for MA200.
2026-03-28 15:21:02,479 [INFO] [106/503] COIN: Updated.
2026-03-28 15:21:03,214 [INFO] [107/503] COO: Updated.
2026-03-28 15:21:04,145 [INFO] [108/503] COP: Updated.
2026-03-28 15:21:09,623 [INFO] [109/503] COR: Updated.
2026-03-28 15:21:10,357 [INFO] [110/503] COST: Updated.
2026-03-28 15:21:11,115 [INFO] [111/503] CPAY: Updated.
2026-03-28 15:21:11,905 [INFO] [112/503] CPB: Updated.
2026-03-28 15:21:12,643 [INFO] [113/503] CPRT: Updated.
2026-03-28 15:21:13,491 [INFO] [114/503] CPT: Updated.
2026-03-28 15:21:14,274 [INFO] [115/503] CRH: Updated.
2026-03-28 15:21:15,197 [INFO] [116/503] CRL: Updated.
2026-03-28 15:21:15,889 [INFO] [117/503] CRM: Updated.
2026-03-28 15:21:16,566 [INFO] [118/503] CRWD: Updated.
2026-03-28 15:21:17,266 [INFO] [119/503] CSCO: Updated.
2026-03-28 15:21:17,948 [INFO] [120/503] CSGP: Updated.
2026-03-28 15:21:18,738 [INFO] [121/503] CSX: Updated.
2026-03-28 15:21:19,456 [INFO] [122/503] CTAS: Updated.
2026-03-28 15:21:20,199 [INFO] [123/503] CTRA: Updated.
2026-03-28 15:21:20,965 [INFO] [124/503] CTSH: Updated.
2026-03-28 15:21:21,666 [INFO] [125/503] CTVA: Updated.
2026-03-28 15:21:22,353 [INFO] [126/503] CVNA: Updated.
2026-03-28 15:21:23,072 [INFO] [127/503] CVS: Updated.
2026-03-28 15:21:23,865 [INFO] [128/503] CVX: Updated.
2026-03-28 15:21:24,739 [INFO] [129/503] D: Updated.
2026-03-28 15:21:25,558 [INFO] [130/503] DAL: Updated.
2026-03-28 15:21:26,240 [INFO] [131/503] DASH: Updated.
2026-03-28 15:21:26,980 [INFO] [132/503] DD: Updated.
2026-03-28 15:21:27,674 [INFO] [133/503] DDOG: Updated.
2026-03-28 15:21:28,471 [INFO] [134/503] DE: Updated.
2026-03-28 15:21:29,148 [INFO] [135/503] DECK: Updated.
2026-03-28 15:21:29,855 [INFO] [136/503] DELL: Updated.
2026-03-28 15:21:30,552 [INFO] [137/503] DG: Updated.
2026-03-28 15:21:31,265 [INFO] [138/503] DGX: Updated.
2026-03-28 15:21:31,993 [INFO] [139/503] DHI: Updated.
2026-03-28 15:21:32,720 [INFO] [140/503] DHR: Updated.
2026-03-28 15:21:33,491 [INFO] [141/503] DIS: Updated.
2026-03-28 15:21:34,192 [INFO] [142/503] DLR: Updated.
2026-03-28 15:21:34,896 [INFO] [143/503] DLTR: Updated.
2026-03-28 15:21:35,629 [INFO] [144/503] DOC: Updated.
2026-03-28 15:21:36,368 [INFO] [145/503] DOV: Updated.
2026-03-28 15:21:37,073 [INFO] [146/503] DOW: Updated.
2026-03-28 15:21:37,813 [INFO] [147/503] DPZ: Updated.
2026-03-28 15:21:38,540 [INFO] [148/503] DRI: Updated.
2026-03-28 15:21:39,302 [INFO] [149/503] DTE: Updated.
2026-03-28 15:21:40,065 [INFO] [150/503] DUK: Updated.
2026-03-28 15:21:40,764 [INFO] [151/503] DVA: Updated.
2026-03-28 15:21:41,489 [INFO] [152/503] DVN: Updated.
2026-03-28 15:21:42,173 [INFO] [153/503] DXCM: Updated.
2026-03-28 15:21:42,866 [INFO] [154/503] EA: Updated.
2026-03-28 15:21:43,550 [INFO] [155/503] EBAY: Updated.
2026-03-28 15:21:44,280 [INFO] [156/503] ECL: Updated.
2026-03-28 15:21:45,088 [INFO] [157/503] ED: Updated.
2026-03-28 15:21:45,832 [INFO] [158/503] EFX: Updated.
2026-03-28 15:21:46,543 [INFO] [159/503] EG: Updated.
2026-03-28 15:21:47,315 [INFO] [160/503] EIX: Updated.
2026-03-28 15:21:48,049 [INFO] [161/503] EL: Updated.
2026-03-28 15:21:48,765 [INFO] [162/503] ELV: Updated.
2026-03-28 15:21:49,467 [INFO] [163/503] EME: Updated.
2026-03-28 15:21:50,233 [INFO] [164/503] EMR: Updated.
2026-03-28 15:21:50,972 [INFO] [165/503] EOG: Updated.
2026-03-28 15:21:51,679 [INFO] [166/503] EPAM: Updated.
2026-03-28 15:21:52,386 [INFO] [167/503] EQIX: Updated.
2026-03-28 15:21:53,105 [INFO] [168/503] EQR: Updated.
2026-03-28 15:21:53,850 [INFO] [169/503] EQT: Updated.
2026-03-28 15:21:54,597 [INFO] [170/503] ERIE: Updated.
2026-03-28 15:21:55,410 [INFO] [171/503] ES: Updated.
2026-03-28 15:21:56,144 [INFO] [172/503] ESS: Updated.
2026-03-28 15:21:56,903 [INFO] [173/503] ETN: Updated.
2026-03-28 15:21:57,701 [INFO] [174/503] ETR: Updated.
2026-03-28 15:21:58,442 [INFO] [175/503] EVRG: Updated.
2026-03-28 15:21:59,145 [INFO] [176/503] EW: Updated.
2026-03-28 15:21:59,904 [INFO] [177/503] EXC: Updated.
2026-03-28 15:22:00,580 [INFO] [178/503] EXE: Updated.
2026-03-28 15:22:01,323 [INFO] [179/503] EXPD: Updated.
2026-03-28 15:22:02,038 [INFO] [180/503] EXPE: Updated.
2026-03-28 15:22:02,754 [INFO] [181/503] EXR: Updated.
2026-03-28 15:22:03,510 [INFO] [182/503] F: Updated.
2026-03-28 15:22:04,213 [INFO] [183/503] FANG: Updated.
2026-03-28 15:22:04,950 [INFO] [184/503] FAST: Updated.
2026-03-28 15:22:05,678 [INFO] [185/503] FCX: Updated.
2026-03-28 15:22:06,402 [INFO] [186/503] FDS: Updated.
2026-03-28 15:22:07,113 [INFO] [187/503] FDX: Updated.
2026-03-28 15:22:07,860 [INFO] [188/503] FE: Updated.
2026-03-28 15:22:08,539 [INFO] [189/503] FFIV: Updated.
2026-03-28 15:22:09,276 [INFO] [190/503] FICO: Updated.
2026-03-28 15:22:09,989 [INFO] [191/503] FIS: Updated.
2026-03-28 15:22:10,678 [INFO] [192/503] FISV: Updated.
2026-03-28 15:22:11,416 [INFO] [193/503] FITB: Updated.
2026-03-28 15:22:12,134 [INFO] [194/503] FIX: Updated.
2026-03-28 15:22:12,827 [INFO] [195/503] FOX: Updated.
2026-03-28 15:22:13,516 [INFO] [196/503] FOXA: Updated.
2026-03-28 15:22:14,272 [INFO] [197/503] FRT: Updated.
2026-03-28 15:22:14,932 [INFO] [198/503] FSLR: Updated.
2026-03-28 15:22:15,607 [INFO] [199/503] FTNT: Updated.
2026-03-28 15:22:16,301 [INFO] [200/503] FTV: Updated.
2026-03-28 15:22:17,049 [INFO] [201/503] GD: Updated.
2026-03-28 15:22:17,734 [INFO] [202/503] GDDY: Updated.
2026-03-28 15:22:18,500 [INFO] [203/503] GE: Updated.
2026-03-28 15:22:19,224 [INFO] [204/503] GEHC: Updated.
2026-03-28 15:22:19,991 [INFO] [205/503] GEN: Updated.
2026-03-28 15:22:20,745 [INFO] [206/503] GEV: Updated.
2026-03-28 15:22:21,531 [INFO] [207/503] GILD: Updated.
2026-03-28 15:22:22,308 [INFO] [208/503] GIS: Updated.
2026-03-28 15:22:23,095 [INFO] [209/503] GL: Updated.
2026-03-28 15:22:23,855 [INFO] [210/503] GLW: Updated.
2026-03-28 15:22:24,552 [INFO] [211/503] GM: Updated.
2026-03-28 15:22:25,242 [INFO] [212/503] GNRC: Updated.
2026-03-28 15:22:25,930 [INFO] [213/503] GOOG: Updated.
2026-03-28 15:22:26,632 [INFO] [214/503] GOOGL: Updated.
2026-03-28 15:22:27,353 [INFO] [215/503] GPC: Updated.
2026-03-28 15:22:28,075 [INFO] [216/503] GPN: Updated.
2026-03-28 15:22:28,790 [INFO] [217/503] GRMN: Updated.
2026-03-28 15:22:29,502 [INFO] [218/503] GS: Updated.
2026-03-28 15:22:30,220 [INFO] [219/503] GWW: Updated.
2026-03-28 15:22:30,990 [INFO] [220/503] HAL: Updated.
2026-03-28 15:22:31,708 [INFO] [221/503] HAS: Updated.
2026-03-28 15:22:32,474 [INFO] [222/503] HBAN: Updated.
2026-03-28 15:22:33,195 [INFO] [223/503] HCA: Updated.
2026-03-28 15:22:33,953 [INFO] [224/503] HD: Updated.
2026-03-28 15:22:34,667 [INFO] [225/503] HIG: Updated.
2026-03-28 15:22:35,357 [INFO] [226/503] HII: Updated.
2026-03-28 15:22:36,058 [INFO] [227/503] HLT: Updated.
2026-03-28 15:22:36,738 [INFO] [228/503] HOLX: Updated.
2026-03-28 15:22:37,486 [INFO] [229/503] HON: Updated.
2026-03-28 15:22:38,165 [INFO] [230/503] HOOD: Updated.
2026-03-28 15:22:38,860 [INFO] [231/503] HPE: Updated.
2026-03-28 15:22:39,641 [INFO] [232/503] HPQ: Updated.
2026-03-28 15:22:40,381 [INFO] [233/503] HRL: Updated.
2026-03-28 15:22:41,086 [INFO] [234/503] HSIC: Updated.
2026-03-28 15:22:41,817 [INFO] [235/503] HST: Updated.
2026-03-28 15:22:42,573 [INFO] [236/503] HSY: Updated.
2026-03-28 15:22:43,349 [INFO] [237/503] HUBB: Updated.
2026-03-28 15:22:44,362 [INFO] [238/503] HUM: Updated.
2026-03-28 15:22:45,207 [INFO] [239/503] HWM: Updated.
2026-03-28 15:22:45,898 [INFO] [240/503] IBKR: Updated.
2026-03-28 15:22:46,663 [INFO] [241/503] IBM: Updated.
2026-03-28 15:22:47,377 [INFO] [242/503] ICE: Updated.
2026-03-28 15:22:48,087 [INFO] [243/503] IDXX: Updated.
2026-03-28 15:22:48,800 [INFO] [244/503] IEX: Updated.
2026-03-28 15:22:49,549 [INFO] [245/503] IFF: Updated.
2026-03-28 15:22:50,235 [INFO] [246/503] INCY: Updated.
2026-03-28 15:22:50,953 [INFO] [247/503] INTC: Updated.
2026-03-28 15:22:51,649 [INFO] [248/503] INTU: Updated.
2026-03-28 15:22:52,367 [INFO] [249/503] INVH: Updated.
2026-03-28 15:22:53,162 [INFO] [250/503] IP: Updated.
2026-03-28 15:22:53,846 [INFO] [251/503] IQV: Updated.
2026-03-28 15:22:54,537 [INFO] [252/503] IR: Updated.
2026-03-28 15:22:55,249 [INFO] [253/503] IRM: Updated.
2026-03-28 15:22:55,931 [INFO] [254/503] ISRG: Updated.
2026-03-28 15:22:56,624 [INFO] [255/503] IT: Updated.
2026-03-28 15:22:57,390 [INFO] [256/503] ITW: Updated.
2026-03-28 15:22:58,109 [INFO] [257/503] IVZ: Updated.
2026-03-28 15:22:58,810 [INFO] [258/503] J: Updated.
2026-03-28 15:22:59,558 [INFO] [259/503] JBHT: Updated.
2026-03-28 15:23:00,286 [INFO] [260/503] JBL: Updated.
2026-03-28 15:23:01,012 [INFO] [261/503] JCI: Updated.
2026-03-28 15:23:01,758 [INFO] [262/503] JKHY: Updated.
2026-03-28 15:23:02,564 [INFO] [263/503] JNJ: Updated.
2026-03-28 15:23:03,306 [INFO] [264/503] JPM: Updated.
2026-03-28 15:23:13,824 [ERROR] KDP: Error — 'NoneType' object is not subscriptable
2026-03-28 15:23:22,639 [INFO] [266/503] KEY: Updated.
2026-03-28 15:23:23,416 [INFO] [267/503] KEYS: Updated.
2026-03-28 15:23:24,211 [INFO] [268/503] KHC: Updated.
2026-03-28 15:23:24,966 [INFO] [269/503] KIM: Updated.
2026-03-28 15:23:25,651 [INFO] [270/503] KKR: Updated.
2026-03-28 15:23:26,352 [INFO] [271/503] KLAC: Updated.
2026-03-28 15:23:27,080 [INFO] [272/503] KMB: Updated.
2026-03-28 15:23:27,815 [INFO] [273/503] KMI: Updated.
2026-03-28 15:23:28,574 [INFO] [274/503] KO: Updated.
2026-03-28 15:23:29,337 [INFO] [275/503] KR: Updated.
2026-03-28 15:23:30,018 [INFO] [276/503] KVUE: Updated.
2026-03-28 15:23:30,747 [INFO] [277/503] L: Updated.
2026-03-28 15:23:31,432 [WARNING] LDOS: Not enough local history for MA200.
2026-03-28 15:23:31,434 [INFO] [278/503] LDOS: Updated.
2026-03-28 15:23:32,117 [WARNING] LEN: Not enough local history for MA200.
2026-03-28 15:23:32,117 [INFO] [279/503] LEN: Updated.
2026-03-28 15:23:32,837 [INFO] [280/503] LH: Updated.
2026-03-28 15:23:33,578 [INFO] [281/503] LHX: Updated.
2026-03-28 15:23:34,298 [INFO] [282/503] LII: Updated.
2026-03-28 15:23:35,054 [INFO] [283/503] LIN: Updated.
2026-03-28 15:23:35,743 [INFO] [284/503] LITE: Updated.
2026-03-28 15:23:36,484 [INFO] [285/503] LLY: Updated.
2026-03-28 15:23:37,274 [INFO] [286/503] LMT: Updated.
2026-03-28 15:23:38,030 [INFO] [287/503] LNT: Updated.
2026-03-28 15:23:38,800 [INFO] [288/503] LOW: Updated.
2026-03-28 15:23:39,504 [INFO] [289/503] LRCX: Updated.
2026-03-28 15:23:40,187 [INFO] [290/503] LULU: Updated.
2026-03-28 15:23:40,920 [INFO] [291/503] LUV: Updated.
2026-03-28 15:23:41,624 [INFO] [292/503] LVS: Updated.
2026-03-28 15:23:42,319 [INFO] [293/503] LYB: Updated.
2026-03-28 15:23:43,024 [INFO] [294/503] LYV: Updated.
2026-03-28 15:23:43,731 [INFO] [295/503] MA: Updated.
2026-03-28 15:23:44,447 [INFO] [296/503] MAA: Updated.
2026-03-28 15:23:45,161 [INFO] [297/503] MAR: Updated.
2026-03-28 15:23:45,905 [INFO] [298/503] MAS: Updated.
2026-03-28 15:23:46,660 [INFO] [299/503] MCD: Updated.
2026-03-28 15:23:47,385 [INFO] [300/503] MCHP: Updated.
2026-03-28 15:23:48,129 [INFO] [301/503] MCK: Updated.
2026-03-28 15:23:48,854 [INFO] [302/503] MCO: Updated.
2026-03-28 15:23:49,573 [INFO] [303/503] MDLZ: Updated.
2026-03-28 15:23:50,334 [INFO] [304/503] MDT: Updated.
2026-03-28 15:23:51,129 [INFO] [305/503] MET: Updated.
2026-03-28 15:23:51,946 [INFO] [306/503] META: Updated.
2026-03-28 15:23:52,708 [INFO] [307/503] MGM: Updated.
2026-03-28 15:23:53,484 [INFO] [308/503] MKC: Updated.
2026-03-28 15:23:54,225 [INFO] [309/503] MLM: Updated.
2026-03-28 15:23:55,010 [INFO] [310/503] MMM: Updated.
2026-03-28 15:23:55,723 [INFO] [311/503] MNST: Updated.
2026-03-28 15:23:56,483 [INFO] [312/503] MO: Updated.
2026-03-28 15:24:06,997 [ERROR] MOS: Error — 'NoneType' object is not subscriptable
2026-03-28 15:24:15,886 [INFO] [314/503] MPC: Updated.
2026-03-28 15:24:16,681 [INFO] [315/503] MPWR: Updated.
2026-03-28 15:24:17,484 [INFO] [316/503] MRK: Updated.
2026-03-28 15:24:18,220 [INFO] [317/503] MRNA: Updated.
2026-03-28 15:24:18,987 [INFO] [318/503] MRSH: Updated.
2026-03-28 15:24:19,709 [INFO] [319/503] MS: Updated.
2026-03-28 15:24:20,412 [INFO] [320/503] MSCI: Updated.
2026-03-28 15:24:21,149 [INFO] [321/503] MSFT: Updated.
2026-03-28 15:24:21,956 [INFO] [322/503] MSI: Updated.
2026-03-28 15:24:22,696 [INFO] [323/503] MTB: Updated.
2026-03-28 15:24:23,393 [INFO] [324/503] MTD: Updated.
2026-03-28 15:24:24,114 [INFO] [325/503] MU: Updated.
2026-03-28 15:24:24,802 [INFO] [326/503] NCLH: Updated.
2026-03-28 15:24:25,518 [INFO] [327/503] NDAQ: Updated.
2026-03-28 15:24:26,254 [INFO] [328/503] NDSN: Updated.
2026-03-28 15:24:27,020 [INFO] [329/503] NEE: Updated.
2026-03-28 15:24:27,753 [INFO] [330/503] NEM: Updated.
2026-03-28 15:24:28,459 [INFO] [331/503] NFLX: Updated.
2026-03-28 15:24:29,228 [INFO] [332/503] NI: Updated.
2026-03-28 15:24:29,957 [INFO] [333/503] NKE: Updated.
2026-03-28 15:24:30,688 [INFO] [334/503] NOC: Updated.
2026-03-28 15:24:31,371 [INFO] [335/503] NOW: Updated.
2026-03-28 15:24:32,075 [INFO] [336/503] NRG: Updated.
2026-03-28 15:24:32,815 [INFO] [337/503] NSC: Updated.
2026-03-28 15:24:33,516 [INFO] [338/503] NTAP: Updated.
2026-03-28 15:24:34,243 [INFO] [339/503] NTRS: Updated.
2026-03-28 15:24:34,970 [INFO] [340/503] NUE: Updated.
2026-03-28 15:24:35,683 [INFO] [341/503] NVDA: Updated.
2026-03-28 15:24:36,371 [INFO] [342/503] NVR: Updated.
2026-03-28 15:24:37,056 [INFO] [343/503] NWS: Updated.
2026-03-28 15:24:37,738 [INFO] [344/503] NWSA: Updated.
2026-03-28 15:24:38,432 [INFO] [345/503] NXPI: Updated.
2026-03-28 15:24:39,138 [INFO] [346/503] O: Updated.
2026-03-28 15:24:39,821 [INFO] [347/503] ODFL: Updated.
2026-03-28 15:24:40,578 [INFO] [348/503] OKE: Updated.
2026-03-28 15:24:41,312 [INFO] [349/503] OMC: Updated.
2026-03-28 15:24:41,971 [INFO] [350/503] ON: Updated.
2026-03-28 15:24:42,679 [INFO] [351/503] ORCL: Updated.
2026-03-28 15:24:43,368 [INFO] [352/503] ORLY: Updated.
2026-03-28 15:24:44,039 [INFO] [353/503] OTIS: Updated.
2026-03-28 15:24:44,783 [INFO] [354/503] OXY: Updated.
2026-03-28 15:24:45,456 [INFO] [355/503] PANW: Updated.
2026-03-28 15:24:46,182 [INFO] [356/503] PAYX: Updated.
2026-03-28 15:24:46,929 [INFO] [357/503] PCAR: Updated.
2026-03-28 15:24:47,695 [INFO] [358/503] PCG: Updated.
2026-03-28 15:24:48,437 [INFO] [359/503] PEG: Updated.
2026-03-28 15:24:49,200 [INFO] [360/503] PEP: Updated.
2026-03-28 15:24:49,940 [INFO] [361/503] PFE: Updated.
2026-03-28 15:24:50,646 [INFO] [362/503] PFG: Updated.
2026-03-28 15:24:51,426 [INFO] [363/503] PG: Updated.
2026-03-28 15:24:52,139 [INFO] [364/503] PGR: Updated.
2026-03-28 15:24:52,907 [INFO] [365/503] PH: Updated.
2026-03-28 15:24:53,642 [INFO] [366/503] PHM: Updated.
2026-03-28 15:24:54,425 [INFO] [367/503] PKG: Updated.
2026-03-28 15:24:55,140 [INFO] [368/503] PLD: Updated.
2026-03-28 15:24:55,820 [INFO] [369/503] PLTR: Updated.
2026-03-28 15:24:56,523 [INFO] [370/503] PM: Updated.
2026-03-28 15:24:57,256 [INFO] [371/503] PNC: Updated.
2026-03-28 15:24:57,986 [INFO] [372/503] PNR: Updated.
2026-03-28 15:24:58,749 [INFO] [373/503] PNW: Updated.
2026-03-28 15:24:59,427 [INFO] [374/503] PODD: Updated.
2026-03-28 15:25:00,148 [INFO] [375/503] POOL: Updated.
2026-03-28 15:25:00,923 [INFO] [376/503] PPG: Updated.
2026-03-28 15:25:01,651 [INFO] [377/503] PPL: Updated.
2026-03-28 15:25:02,387 [INFO] [378/503] PRU: Updated.
2026-03-28 15:25:03,104 [INFO] [379/503] PSA: Updated.
2026-03-28 15:25:03,789 [INFO] [380/503] PSKY: Updated.
2026-03-28 15:25:04,479 [INFO] [381/503] PSX: Updated.
2026-03-28 15:25:05,132 [INFO] [382/503] PTC: Updated.
2026-03-28 15:25:05,827 [INFO] [383/503] PWR: Updated.
2026-03-28 15:25:06,504 [INFO] [384/503] PYPL: Updated.
2026-03-28 15:25:07,154 [WARNING] Q: Not enough local history for MA200.
2026-03-28 15:25:07,155 [INFO] [385/503] Q: Updated.
2026-03-28 15:25:07,849 [INFO] [386/503] QCOM: Updated.
2026-03-28 15:25:08,569 [INFO] [387/503] RCL: Updated.
2026-03-28 15:25:09,293 [INFO] [388/503] REG: Updated.
2026-03-28 15:25:09,985 [INFO] [389/503] REGN: Updated.
2026-03-28 15:25:10,709 [INFO] [390/503] RF: Updated.
2026-03-28 15:25:11,467 [INFO] [391/503] RJF: Updated.
2026-03-28 15:25:12,164 [INFO] [392/503] RL: Updated.
2026-03-28 15:25:12,864 [INFO] [393/503] RMD: Updated.
2026-03-28 15:25:13,582 [INFO] [394/503] ROK: Updated.
2026-03-28 15:25:14,290 [INFO] [395/503] ROL: Updated.
2026-03-28 15:25:15,010 [INFO] [396/503] ROP: Updated.
2026-03-28 15:25:15,720 [INFO] [397/503] ROST: Updated.
2026-03-28 15:25:16,410 [INFO] [398/503] RSG: Updated.
2026-03-28 15:25:17,182 [INFO] [399/503] RTX: Updated.
2026-03-28 15:25:17,897 [INFO] [400/503] RVTY: Updated.
2026-03-28 15:25:18,561 [INFO] [401/503] SATS: Updated.
2026-03-28 15:25:19,250 [INFO] [402/503] SBAC: Updated.
2026-03-28 15:25:19,942 [INFO] [403/503] SBUX: Updated.
2026-03-28 15:25:20,683 [INFO] [404/503] SCHW: Updated.
2026-03-28 15:25:21,420 [INFO] [405/503] SHW: Updated.
2026-03-28 15:25:22,119 [INFO] [406/503] SJM: Updated.
2026-03-28 15:25:22,856 [INFO] [407/503] SLB: Updated.
2026-03-28 15:25:23,524 [INFO] [408/503] SMCI: Updated.
2026-03-28 15:25:24,243 [INFO] [409/503] SNA: Updated.
2026-03-28 15:25:24,934 [INFO] [410/503] SNDK: Updated.
2026-03-28 15:25:25,624 [INFO] [411/503] SNPS: Updated.
2026-03-28 15:25:26,342 [INFO] [412/503] SO: Updated.
2026-03-28 15:25:27,019 [INFO] [413/503] SOLV: Updated.
2026-03-28 15:25:27,734 [INFO] [414/503] SPG: Updated.
2026-03-28 15:25:28,451 [INFO] [415/503] SPGI: Updated.
2026-03-28 15:25:29,144 [INFO] [416/503] SRE: Updated.
2026-03-28 15:25:29,841 [INFO] [417/503] STE: Updated.
2026-03-28 15:25:30,555 [INFO] [418/503] STLD: Updated.
2026-03-28 15:25:31,279 [INFO] [419/503] STT: Updated.
2026-03-28 15:25:31,989 [INFO] [420/503] STX: Updated.
2026-03-28 15:25:32,687 [INFO] [421/503] STZ: Updated.
2026-03-28 15:25:33,382 [INFO] [422/503] SW: Updated.
2026-03-28 15:25:34,098 [INFO] [423/503] SWK: Updated.
2026-03-28 15:25:34,790 [INFO] [424/503] SWKS: Updated.
2026-03-28 15:25:35,486 [INFO] [425/503] SYF: Updated.
2026-03-28 15:25:36,196 [INFO] [426/503] SYK: Updated.
2026-03-28 15:25:36,920 [INFO] [427/503] SYY: Updated.
2026-03-28 15:25:37,667 [INFO] [428/503] T: Updated.
2026-03-28 15:25:38,388 [INFO] [429/503] TAP: Updated.
2026-03-28 15:25:39,098 [INFO] [430/503] TDG: Updated.
2026-03-28 15:25:39,777 [INFO] [431/503] TDY: Updated.
2026-03-28 15:25:40,478 [INFO] [432/503] TECH: Updated.
2026-03-28 15:25:41,188 [INFO] [433/503] TEL: Updated.
2026-03-28 15:25:41,895 [INFO] [434/503] TER: Updated.
2026-03-28 15:25:42,640 [INFO] [435/503] TFC: Updated.
2026-03-28 15:25:43,380 [INFO] [436/503] TGT: Updated.
2026-03-28 15:25:44,117 [INFO] [437/503] TJX: Updated.
2026-03-28 15:25:44,820 [INFO] [438/503] TKO: Updated.
2026-03-28 15:25:45,551 [INFO] [439/503] TMO: Updated.
2026-03-28 15:25:46,236 [INFO] [440/503] TMUS: Updated.
2026-03-28 15:25:46,954 [INFO] [441/503] TPL: Updated.
2026-03-28 15:25:47,644 [INFO] [442/503] TPR: Updated.
2026-03-28 15:25:48,361 [INFO] [443/503] TRGP: Updated.
2026-03-28 15:25:49,040 [INFO] [444/503] TRMB: Updated.
2026-03-28 15:25:49,795 [INFO] [445/503] TROW: Updated.
2026-03-28 15:25:50,527 [INFO] [446/503] TRV: Updated.
2026-03-28 15:25:51,213 [INFO] [447/503] TSCO: Updated.
2026-03-28 15:25:51,895 [INFO] [448/503] TSLA: Updated.
2026-03-28 15:25:52,618 [INFO] [449/503] TSN: Updated.
2026-03-28 15:25:53,339 [INFO] [450/503] TT: Updated.
2026-03-28 15:25:54,016 [INFO] [451/503] TTD: Updated.
2026-03-28 15:25:54,685 [INFO] [452/503] TTWO: Updated.
2026-03-28 15:25:55,403 [INFO] [453/503] TXN: Updated.
2026-03-28 15:26:05,912 [ERROR] TXT: Error — 'NoneType' object is not subscriptable
2026-03-28 15:26:14,665 [INFO] [455/503] TYL: Updated.
2026-03-28 15:26:15,422 [INFO] [456/503] UAL: Updated.
2026-03-28 15:26:16,187 [INFO] [457/503] UBER: Updated.
2026-03-28 15:26:16,921 [INFO] [458/503] UDR: Updated.
2026-03-28 15:26:17,649 [INFO] [459/503] UHS: Updated.
2026-03-28 15:26:18,326 [INFO] [460/503] ULTA: Updated.
2026-03-28 15:26:19,046 [INFO] [461/503] UNH: Updated.
2026-03-28 15:26:19,772 [INFO] [462/503] UNP: Updated.
2026-03-28 15:26:20,468 [INFO] [463/503] UPS: Updated.
2026-03-28 15:26:21,151 [INFO] [464/503] URI: Updated.
2026-03-28 15:26:21,864 [INFO] [465/503] USB: Updated.
2026-03-28 15:26:22,561 [INFO] [466/503] V: Updated.
2026-03-28 15:26:23,249 [INFO] [467/503] VICI: Updated.
2026-03-28 15:26:24,000 [INFO] [468/503] VLO: Updated.
2026-03-28 15:26:24,668 [INFO] [469/503] VLTO: Updated.
2026-03-28 15:26:25,382 [INFO] [470/503] VMC: Updated.
2026-03-28 15:26:26,077 [INFO] [471/503] VRSK: Updated.
2026-03-28 15:26:26,770 [INFO] [472/503] VRSN: Updated.
2026-03-28 15:26:27,473 [INFO] [473/503] VRT: Updated.
2026-03-28 15:26:28,146 [INFO] [474/503] VRTX: Updated.
2026-03-28 15:26:28,826 [INFO] [475/503] VST: Updated.
2026-03-28 15:26:29,543 [INFO] [476/503] VTR: Updated.
2026-03-28 15:26:30,269 [INFO] [477/503] VTRS: Updated.
2026-03-28 15:26:30,986 [INFO] [478/503] VZ: Updated.
2026-03-28 15:26:31,695 [INFO] [479/503] WAB: Updated.
2026-03-28 15:26:32,362 [INFO] [480/503] WAT: Updated.
2026-03-28 15:26:33,030 [INFO] [481/503] WBD: Updated.
2026-03-28 15:26:33,705 [INFO] [482/503] WDAY: Updated.
2026-03-28 15:26:34,416 [INFO] [483/503] WDC: Updated.
2026-03-28 15:26:35,131 [INFO] [484/503] WEC: Updated.
2026-03-28 15:26:35,856 [INFO] [485/503] WELL: Updated.
2026-03-28 15:26:36,591 [INFO] [486/503] WFC: Updated.
2026-03-28 15:26:37,297 [INFO] [487/503] WM: Updated.
2026-03-28 15:26:38,054 [INFO] [488/503] WMB: Updated.
2026-03-28 15:26:38,813 [INFO] [489/503] WMT: Updated.
2026-03-28 15:26:39,552 [INFO] [490/503] WRB: Updated.
2026-03-28 15:26:40,274 [INFO] [491/503] WSM: Updated.
2026-03-28 15:26:40,987 [INFO] [492/503] WST: Updated.
2026-03-28 15:26:41,683 [INFO] [493/503] WTW: Updated.
2026-03-28 15:26:42,464 [INFO] [494/503] WY: Updated.
2026-03-28 15:26:43,165 [INFO] [495/503] WYNN: Updated.
2026-03-28 15:26:43,912 [INFO] [496/503] XEL: Updated.
2026-03-28 15:26:44,676 [INFO] [497/503] XOM: Updated.
2026-03-28 15:26:45,360 [INFO] [498/503] XYL: Updated.
2026-03-28 15:26:46,024 [INFO] [499/503] XYZ: Updated.
2026-03-28 15:26:46,733 [INFO] [500/503] YUM: Updated.
2026-03-28 15:26:47,432 [INFO] [501/503] ZBH: Updated.
2026-03-28 15:26:48,109 [INFO] [502/503] ZBRA: Updated.
2026-03-28 15:26:48,806 [INFO] [503/503] ZTS: Updated.
2026-03-28 16:20:00,223 [INFO] Starting 1-Day Incremental Sync...
2026-03-28 16:20:01,200 [INFO] [1/503] A: Updated.
2026-03-28 16:20:01,876 [INFO] [2/503] AAPL: Updated.
2026-03-28 16:20:02,521 [INFO] [3/503] ABBV: Updated.
2026-03-28 16:20:03,163 [INFO] [4/503] ABNB: Updated.
2026-03-28 16:20:03,853 [INFO] [5/503] ABT: Updated.
2026-03-28 16:20:04,485 [INFO] [6/503] ACGL: Updated.
2026-03-28 16:20:05,146 [INFO] [7/503] ACN: Updated.
2026-03-28 16:20:05,788 [INFO] [8/503] ADBE: Updated.
2026-03-28 16:20:06,441 [INFO] [9/503] ADI: Updated.
2026-03-28 16:20:07,120 [INFO] [10/503] ADM: Updated.
2026-03-28 16:20:07,808 [INFO] [11/503] ADP: Updated.
2026-03-28 16:48:52,230 [INFO] Starting 1-Day Incremental Sync...
2026-03-28 16:48:53,082 [WARNING] ^GSPC: Not enough local history for MA200.
2026-03-28 16:48:53,228 [WARNING] A: Not enough local history for MA200.
2026-03-28 16:48:53,228 [INFO] [1/503] A: Updated.
2026-03-28 16:48:53,901 [WARNING] AAPL: Not enough local history for MA200.
2026-03-28 16:48:53,901 [INFO] [2/503] AAPL: Updated.
2026-03-28 16:48:54,551 [WARNING] ABBV: Not enough local history for MA200.
2026-03-28 16:48:54,551 [INFO] [3/503] ABBV: Updated.
2026-03-28 16:48:55,175 [WARNING] ABNB: Not enough local history for MA200.
2026-03-28 16:48:55,175 [INFO] [4/503] ABNB: Updated.
2026-03-28 16:48:55,872 [WARNING] ABT: Not enough local history for MA200.
2026-03-28 16:48:55,873 [INFO] [5/503] ABT: Updated.
2026-03-28 16:48:56,489 [WARNING] ACGL: Not enough local history for MA200.
2026-03-28 16:48:56,489 [INFO] [6/503] ACGL: Updated.
2026-03-28 16:48:57,144 [WARNING] ACN: Not enough local history for MA200.
2026-03-28 16:48:57,145 [INFO] [7/503] ACN: Updated.
2026-03-28 16:48:57,799 [WARNING] ADBE: Not enough local history for MA200.
2026-03-28 16:48:57,800 [INFO] [8/503] ADBE: Updated.
2026-03-28 16:48:58,464 [WARNING] ADI: Not enough local history for MA200.
2026-03-28 16:48:58,465 [INFO] [9/503] ADI: Updated.
2026-03-28 16:48:59,137 [WARNING] ADM: Not enough local history for MA200.
2026-03-28 16:48:59,137 [INFO] [10/503] ADM: Updated.
2026-03-28 16:48:59,819 [WARNING] ADP: Not enough local history for MA200.
2026-03-28 16:48:59,819 [INFO] [11/503] ADP: Updated.
2026-03-28 16:49:00,466 [WARNING] ADSK: Not enough local history for MA200.
2026-03-28 16:49:00,466 [INFO] [12/503] ADSK: Updated.
2026-03-28 16:49:01,135 [WARNING] AEE: Not enough local history for MA200.
2026-03-28 16:49:01,136 [INFO] [13/503] AEE: Updated.
2026-03-28 16:49:01,823 [WARNING] AEP: Not enough local history for MA200.
2026-03-28 16:49:01,823 [INFO] [14/503] AEP: Updated.
2026-03-28 16:49:02,486 [WARNING] AES: Not enough local history for MA200.
2026-03-28 16:49:02,487 [INFO] [15/503] AES: Updated.
2026-03-28 16:49:03,163 [WARNING] AFL: Not enough local history for MA200.
2026-03-28 16:49:03,163 [INFO] [16/503] AFL: Updated.
2026-03-28 16:49:03,834 [WARNING] AIG: Not enough local history for MA200.
2026-03-28 16:49:03,835 [INFO] [17/503] AIG: Updated.
2026-03-28 16:49:04,477 [WARNING] AIZ: Not enough local history for MA200.
2026-03-28 16:49:04,478 [INFO] [18/503] AIZ: Updated.
2026-03-28 16:49:05,153 [WARNING] AJG: Not enough local history for MA200.
2026-03-28 16:49:05,153 [INFO] [19/503] AJG: Updated.
2026-03-28 16:49:05,776 [WARNING] AKAM: Not enough local history for MA200.
2026-03-28 16:49:05,777 [INFO] [20/503] AKAM: Updated.
2026-03-28 16:49:06,528 [WARNING] ALB: Not enough local history for MA200.
2026-03-28 16:49:06,528 [INFO] [21/503] ALB: Updated.
2026-03-28 16:49:07,210 [WARNING] ALGN: Not enough local history for MA200.
2026-03-28 16:49:07,211 [INFO] [22/503] ALGN: Updated.
2026-03-28 16:49:07,898 [WARNING] ALL: Not enough local history for MA200.
2026-03-28 16:49:07,898 [INFO] [23/503] ALL: Updated.
2026-03-28 16:49:08,556 [WARNING] ALLE: Not enough local history for MA200.
2026-03-28 16:49:08,557 [INFO] [24/503] ALLE: Updated.
2026-03-28 16:49:09,212 [WARNING] AMAT: Not enough local history for MA200.
2026-03-28 16:49:09,212 [INFO] [25/503] AMAT: Updated.
2026-03-28 16:49:09,873 [WARNING] AMCR: Not enough local history for MA200.
2026-03-28 16:49:09,873 [INFO] [26/503] AMCR: Updated.
2026-03-28 16:49:10,513 [WARNING] AMD: Not enough local history for MA200.
2026-03-28 16:49:10,514 [INFO] [27/503] AMD: Updated.
2026-03-28 16:49:11,211 [WARNING] AME: Not enough local history for MA200.
2026-03-28 16:49:11,211 [INFO] [28/503] AME: Updated.
2026-03-28 16:49:11,848 [WARNING] AMGN: Not enough local history for MA200.
2026-03-28 16:49:11,848 [INFO] [29/503] AMGN: Updated.
2026-03-28 16:49:12,508 [WARNING] AMP: Not enough local history for MA200.
2026-03-28 16:49:12,508 [INFO] [30/503] AMP: Updated.
2026-03-28 16:49:13,150 [WARNING] AMT: Not enough local history for MA200.
2026-03-28 16:49:13,150 [INFO] [31/503] AMT: Updated.
2026-03-28 16:49:13,768 [WARNING] AMZN: Not enough local history for MA200.
2026-03-28 16:49:13,768 [INFO] [32/503] AMZN: Updated.
2026-03-28 16:49:14,387 [WARNING] ANET: Not enough local history for MA200.
2026-03-28 16:49:14,387 [INFO] [33/503] ANET: Updated.
2026-03-28 16:49:15,087 [WARNING] AON: Not enough local history for MA200.
2026-03-28 16:49:15,088 [INFO] [34/503] AON: Updated.
2026-03-28 16:49:15,774 [WARNING] AOS: Not enough local history for MA200.
2026-03-28 16:49:15,775 [INFO] [35/503] AOS: Updated.
2026-03-28 16:49:16,470 [WARNING] APA: Not enough local history for MA200.
2026-03-28 16:49:16,470 [INFO] [36/503] APA: Updated.
2026-03-28 16:49:17,151 [WARNING] APD: Not enough local history for MA200.
2026-03-28 16:49:17,152 [INFO] [37/503] APD: Updated.
2026-03-28 16:49:17,812 [WARNING] APH: Not enough local history for MA200.
2026-03-28 16:49:17,812 [INFO] [38/503] APH: Updated.
2026-03-28 16:49:18,466 [WARNING] APO: Not enough local history for MA200.
2026-03-28 16:49:18,467 [INFO] [39/503] APO: Updated.
2026-03-28 16:49:19,085 [WARNING] APP: Not enough local history for MA200.
2026-03-28 16:49:19,086 [INFO] [40/503] APP: Updated.
2026-03-28 16:49:19,720 [WARNING] APTV: Not enough local history for MA200.
2026-03-28 16:49:19,720 [INFO] [41/503] APTV: Updated.
2026-03-28 16:49:20,386 [WARNING] ARE: Not enough local history for MA200.
2026-03-28 16:49:20,386 [INFO] [42/503] ARE: Updated.
2026-03-28 16:49:21,032 [WARNING] ARES: Not enough local history for MA200.
2026-03-28 16:49:21,033 [INFO] [43/503] ARES: Updated.
2026-03-28 16:49:21,699 [WARNING] ATO: Not enough local history for MA200.
2026-03-28 16:49:21,699 [INFO] [44/503] ATO: Updated.
2026-03-28 16:49:22,371 [WARNING] AVB: Not enough local history for MA200.
2026-03-28 16:49:22,371 [INFO] [45/503] AVB: Updated.
2026-03-28 16:49:23,021 [WARNING] AVGO: Not enough local history for MA200.
2026-03-28 16:49:23,021 [INFO] [46/503] AVGO: Updated.
2026-03-28 16:49:23,701 [WARNING] AVY: Not enough local history for MA200.
2026-03-28 16:49:23,701 [INFO] [47/503] AVY: Updated.
2026-03-28 16:49:24,346 [WARNING] AWK: Not enough local history for MA200.
2026-03-28 16:49:24,346 [INFO] [48/503] AWK: Updated.
2026-03-28 16:49:24,975 [WARNING] AXON: Not enough local history for MA200.
2026-03-28 16:49:24,975 [INFO] [49/503] AXON: Updated.
2026-03-28 16:49:25,672 [WARNING] AXP: Not enough local history for MA200.
2026-03-28 16:49:25,673 [INFO] [50/503] AXP: Updated.
2026-03-28 16:49:26,303 [WARNING] AZO: Not enough local history for MA200.
2026-03-28 16:49:26,304 [INFO] [51/503] AZO: Updated.
2026-03-28 16:49:26,989 [WARNING] BA: Not enough local history for MA200.
2026-03-28 16:49:26,990 [INFO] [52/503] BA: Updated.
2026-03-28 16:49:27,661 [WARNING] BAC: Not enough local history for MA200.
2026-03-28 16:49:27,661 [INFO] [53/503] BAC: Updated.
2026-03-28 16:49:28,338 [WARNING] BALL: Not enough local history for MA200.
2026-03-28 16:49:28,338 [INFO] [54/503] BALL: Updated.
2026-03-28 16:49:29,022 [WARNING] BAX: Not enough local history for MA200.
2026-03-28 16:49:29,023 [INFO] [55/503] BAX: Updated.
2026-03-28 16:49:29,664 [WARNING] BBY: Not enough local history for MA200.
2026-03-28 16:49:29,665 [INFO] [56/503] BBY: Updated.
2026-03-28 16:49:30,383 [WARNING] BDX: Not enough local history for MA200.
2026-03-28 16:49:30,384 [INFO] [57/503] BDX: Updated.
2026-03-28 16:49:31,069 [WARNING] BEN: Not enough local history for MA200.
2026-03-28 16:49:31,069 [INFO] [58/503] BEN: Updated.
2026-03-28 16:49:31,677 [ERROR] $BF.B: possibly delisted; no price data found  (period=1d)
2026-03-28 16:49:32,318 [WARNING] BG: Not enough local history for MA200.
2026-03-28 16:49:32,318 [INFO] [60/503] BG: Updated.
2026-03-28 16:49:32,937 [WARNING] BIIB: Not enough local history for MA200.
2026-03-28 16:49:32,937 [INFO] [61/503] BIIB: Updated.
2026-03-28 16:49:33,627 [WARNING] BK: Not enough local history for MA200.
2026-03-28 16:49:33,627 [INFO] [62/503] BK: Updated.
2026-03-28 16:49:34,251 [WARNING] BKNG: Not enough local history for MA200.
2026-03-28 16:49:34,251 [INFO] [63/503] BKNG: Updated.
2026-03-28 16:49:34,911 [WARNING] BKR: Not enough local history for MA200.
2026-03-28 16:49:34,911 [INFO] [64/503] BKR: Updated.
2026-03-28 16:49:35,530 [WARNING] BLDR: Not enough local history for MA200.
2026-03-28 16:49:35,530 [INFO] [65/503] BLDR: Updated.
2026-03-28 16:49:36,179 [WARNING] BLK: Not enough local history for MA200.
2026-03-28 16:49:36,179 [INFO] [66/503] BLK: Updated.
2026-03-28 16:49:36,894 [WARNING] BMY: Not enough local history for MA200.
2026-03-28 16:49:36,894 [INFO] [67/503] BMY: Updated.
2026-03-28 16:49:37,540 [WARNING] BR: Not enough local history for MA200.
2026-03-28 16:49:37,541 [INFO] [68/503] BR: Updated.
2026-03-28 16:49:39,313 [ERROR] $BRK.B: possibly delisted; no price data found  (period=1d) (Yahoo error = "No data found, symbol may be delisted")
2026-03-28 16:49:40,010 [WARNING] BRO: Not enough local history for MA200.
2026-03-28 16:49:40,011 [INFO] [70/503] BRO: Updated.
2026-03-28 16:49:40,639 [WARNING] BSX: Not enough local history for MA200.
2026-03-28 16:49:40,640 [INFO] [71/503] BSX: Updated.
2026-03-28 16:49:41,276 [WARNING] BX: Not enough local history for MA200.
2026-03-28 16:49:41,276 [INFO] [72/503] BX: Updated.
2026-03-28 16:49:41,944 [WARNING] BXP: Not enough local history for MA200.
2026-03-28 16:49:41,944 [INFO] [73/503] BXP: Updated.
2026-03-28 16:49:42,623 [WARNING] C: Not enough local history for MA200.
2026-03-28 16:49:42,623 [INFO] [74/503] C: Updated.
2026-03-28 16:49:43,304 [WARNING] CAG: Not enough local history for MA200.
2026-03-28 16:49:43,304 [INFO] [75/503] CAG: Updated.
2026-03-28 16:49:43,975 [WARNING] CAH: Not enough local history for MA200.
2026-03-28 16:49:43,975 [INFO] [76/503] CAH: Updated.
2026-03-28 16:49:44,602 [WARNING] CARR: Not enough local history for MA200.
2026-03-28 16:49:44,602 [INFO] [77/503] CARR: Updated.
2026-03-28 16:49:45,305 [WARNING] CAT: Not enough local history for MA200.
2026-03-28 16:49:45,305 [INFO] [78/503] CAT: Updated.
2026-03-28 16:49:45,976 [WARNING] CB: Not enough local history for MA200.
2026-03-28 16:49:45,977 [INFO] [79/503] CB: Updated.
2026-03-28 16:49:46,606 [WARNING] CBOE: Not enough local history for MA200.
2026-03-28 16:49:46,607 [INFO] [80/503] CBOE: Updated.
2026-03-28 16:49:47,226 [WARNING] CBRE: Not enough local history for MA200.
2026-03-28 16:49:47,227 [INFO] [81/503] CBRE: Updated.
2026-03-28 16:49:47,867 [WARNING] CCI: Not enough local history for MA200.
2026-03-28 16:49:47,867 [INFO] [82/503] CCI: Updated.
2026-03-28 16:49:48,535 [WARNING] CCL: Not enough local history for MA200.
2026-03-28 16:49:48,536 [INFO] [83/503] CCL: Updated.
2026-03-28 16:49:49,152 [WARNING] CDNS: Not enough local history for MA200.
2026-03-28 16:49:49,152 [INFO] [84/503] CDNS: Updated.
2026-03-28 16:49:49,786 [WARNING] CDW: Not enough local history for MA200.
2026-03-28 16:49:49,786 [INFO] [85/503] CDW: Updated.
2026-03-28 16:49:50,479 [WARNING] CEG: Not enough local history for MA200.
2026-03-28 16:49:50,480 [INFO] [86/503] CEG: Updated.
2026-03-28 16:49:51,129 [WARNING] CF: Not enough local history for MA200.
2026-03-28 16:49:51,129 [INFO] [87/503] CF: Updated.
2026-03-28 16:49:51,772 [WARNING] CFG: Not enough local history for MA200.
2026-03-28 16:49:51,772 [INFO] [88/503] CFG: Updated.
2026-03-28 16:49:52,441 [WARNING] CHD: Not enough local history for MA200.
2026-03-28 16:49:52,441 [INFO] [89/503] CHD: Updated.
2026-03-28 16:49:53,108 [WARNING] CHRW: Not enough local history for MA200.
2026-03-28 16:49:53,108 [INFO] [90/503] CHRW: Updated.
2026-03-28 16:49:53,739 [WARNING] CHTR: Not enough local history for MA200.
2026-03-28 16:49:53,739 [INFO] [91/503] CHTR: Updated.
2026-03-28 16:49:54,417 [WARNING] CI: Not enough local history for MA200.
2026-03-28 16:49:54,418 [INFO] [92/503] CI: Updated.
2026-03-28 16:49:55,036 [WARNING] CIEN: Not enough local history for MA200.
2026-03-28 16:49:55,036 [INFO] [93/503] CIEN: Updated.
2026-03-28 16:49:55,710 [WARNING] CINF: Not enough local history for MA200.
2026-03-28 16:49:55,710 [INFO] [94/503] CINF: Updated.
2026-03-28 16:49:56,409 [WARNING] CL: Not enough local history for MA200.
2026-03-28 16:49:56,409 [INFO] [95/503] CL: Updated.
2026-03-28 16:49:57,103 [WARNING] CLX: Not enough local history for MA200.
2026-03-28 16:49:57,104 [INFO] [96/503] CLX: Updated.
2026-03-28 16:49:57,769 [WARNING] CMCSA: Not enough local history for MA200.
2026-03-28 16:49:57,770 [INFO] [97/503] CMCSA: Updated.
2026-03-28 16:49:58,424 [WARNING] CME: Not enough local history for MA200.
2026-03-28 16:49:58,425 [INFO] [98/503] CME: Updated.
2026-03-28 16:49:59,043 [WARNING] CMG: Not enough local history for MA200.
2026-03-28 16:49:59,044 [INFO] [99/503] CMG: Updated.
2026-03-28 16:49:59,741 [WARNING] CMI: Not enough local history for MA200.
2026-03-28 16:49:59,741 [INFO] [100/503] CMI: Updated.
2026-03-28 16:50:00,438 [WARNING] CMS: Not enough local history for MA200.
2026-03-28 16:50:00,439 [INFO] [101/503] CMS: Updated.
2026-03-28 16:50:01,055 [WARNING] CNC: Not enough local history for MA200.
2026-03-28 16:50:01,055 [INFO] [102/503] CNC: Updated.
2026-03-28 16:50:01,775 [WARNING] CNP: Not enough local history for MA200.
2026-03-28 16:50:01,776 [INFO] [103/503] CNP: Updated.
2026-03-28 16:50:02,452 [WARNING] COF: Not enough local history for MA200.
2026-03-28 16:50:02,453 [INFO] [104/503] COF: Updated.
2026-03-28 16:50:03,069 [WARNING] COHR: Not enough local history for MA200.
2026-03-28 16:50:03,069 [INFO] [105/503] COHR: Updated.
2026-03-28 16:50:03,688 [WARNING] COIN: Not enough local history for MA200.
2026-03-28 16:50:03,689 [INFO] [106/503] COIN: Updated.
2026-03-28 16:50:04,549 [WARNING] COO: Not enough local history for MA200.
2026-03-28 16:50:04,550 [INFO] [107/503] COO: Updated.
2026-03-28 16:50:05,229 [WARNING] COP: Not enough local history for MA200.
2026-03-28 16:50:05,230 [INFO] [108/503] COP: Updated.
2026-03-28 16:50:05,882 [WARNING] COR: Not enough local history for MA200.
2026-03-28 16:50:05,882 [INFO] [109/503] COR: Updated.
2026-03-28 16:50:06,544 [WARNING] COST: Not enough local history for MA200.
2026-03-28 16:50:06,544 [INFO] [110/503] COST: Updated.
2026-03-28 16:50:07,165 [WARNING] CPAY: Not enough local history for MA200.
2026-03-28 16:50:07,165 [INFO] [111/503] CPAY: Updated.
2026-03-28 16:50:07,883 [WARNING] CPB: Not enough local history for MA200.
2026-03-28 16:50:07,883 [INFO] [112/503] CPB: Updated.
2026-03-28 16:50:08,501 [WARNING] CPRT: Not enough local history for MA200.
2026-03-28 16:50:08,502 [INFO] [113/503] CPRT: Updated.
2026-03-28 16:50:09,161 [WARNING] CPT: Not enough local history for MA200.
2026-03-28 16:50:09,162 [INFO] [114/503] CPT: Updated.
2026-03-28 16:50:09,839 [WARNING] CRH: Not enough local history for MA200.
2026-03-28 16:50:09,839 [INFO] [115/503] CRH: Updated.
2026-03-28 16:50:10,459 [WARNING] CRL: Not enough local history for MA200.
2026-03-28 16:50:10,459 [INFO] [116/503] CRL: Updated.
2026-03-28 16:50:11,080 [WARNING] CRM: Not enough local history for MA200.
2026-03-28 16:50:11,080 [INFO] [117/503] CRM: Updated.
2026-03-28 16:50:11,704 [WARNING] CRWD: Not enough local history for MA200.
2026-03-28 16:50:11,704 [INFO] [118/503] CRWD: Updated.
2026-03-28 16:50:12,363 [WARNING] CSCO: Not enough local history for MA200.
2026-03-28 16:50:12,363 [INFO] [119/503] CSCO: Updated.
2026-03-28 16:50:12,983 [WARNING] CSGP: Not enough local history for MA200.
2026-03-28 16:50:12,983 [INFO] [120/503] CSGP: Updated.
2026-03-28 16:50:13,662 [WARNING] CSX: Not enough local history for MA200.
2026-03-28 16:50:13,662 [INFO] [121/503] CSX: Updated.
2026-03-28 16:50:14,320 [WARNING] CTAS: Not enough local history for MA200.
2026-03-28 16:50:14,320 [INFO] [122/503] CTAS: Updated.
2026-03-28 16:50:14,998 [WARNING] CTRA: Not enough local history for MA200.
2026-03-28 16:50:14,998 [INFO] [123/503] CTRA: Updated.
2026-03-28 16:50:15,632 [WARNING] CTSH: Not enough local history for MA200.
2026-03-28 16:50:15,632 [INFO] [124/503] CTSH: Updated.
2026-03-28 16:50:16,273 [WARNING] CTVA: Not enough local history for MA200.
2026-03-28 16:50:16,274 [INFO] [125/503] CTVA: Updated.
2026-03-28 16:50:16,893 [WARNING] CVNA: Not enough local history for MA200.
2026-03-28 16:50:16,893 [INFO] [126/503] CVNA: Updated.
2026-03-28 16:50:17,588 [WARNING] CVS: Not enough local history for MA200.
2026-03-28 16:50:17,589 [INFO] [127/503] CVS: Updated.
2026-03-28 16:50:18,288 [WARNING] CVX: Not enough local history for MA200.
2026-03-28 16:50:18,288 [INFO] [128/503] CVX: Updated.
2026-03-28 16:50:18,964 [WARNING] D: Not enough local history for MA200.
2026-03-28 16:50:18,965 [INFO] [129/503] D: Updated.
2026-03-28 16:50:19,597 [WARNING] DAL: Not enough local history for MA200.
2026-03-28 16:50:19,597 [INFO] [130/503] DAL: Updated.
2026-03-28 16:50:20,222 [WARNING] DASH: Not enough local history for MA200.
2026-03-28 16:50:20,222 [INFO] [131/503] DASH: Updated.
2026-03-28 16:50:20,922 [WARNING] DD: Not enough local history for MA200.
2026-03-28 16:50:20,922 [INFO] [132/503] DD: Updated.
2026-03-28 16:50:21,551 [WARNING] DDOG: Not enough local history for MA200.
2026-03-28 16:50:21,551 [INFO] [133/503] DDOG: Updated.
